#
# There is insufficient memory for the Java Runtime Environment to continue.
# Native memory allocation (malloc) failed to allocate 368656 bytes for Chunk::new
# Possible reasons:
#   The system is out of physical RAM or swap space
#   The process is running with CompressedOops enabled, and the Java Heap may be blocking the growth of the native heap
# Possible solutions:
#   Reduce memory load on the system
#   Increase physical memory or swap space
#   Check if swap backing store is full
#   Decrease Java heap size (-Xmx/-Xms)
#   Decrease number of Java threads
#   Decrease Java thread stack sizes (-Xss)
#   Set larger code cache with -XX:ReservedCodeCacheSize=
#   JVM is running with Unscaled Compressed Oops mode in which the Java heap is
#     placed in the first 4GB address space. The Java Heap base address is the
#     maximum limit for the native heap growth. Please use -XX:HeapBaseMinAddress
#     to set the Java Heap base and to place the Java Heap above 4GB virtual address.
# This output file may be truncated or incomplete.
#
#  Out of Memory Error (t:/workspace/open/src/hotspot/share/memory/arena.cpp:197), pid=34076, tid=33204
#
# JRE version:  (12.0.1+12) (build )
# Java VM: Java HotSpot(TM) 64-Bit Server VM (12.0.1+12, mixed mode, tiered, compressed oops, g1 gc, windows-amd64)
# No core dump will be written. Minidumps are not enabled by default on client versions of Windows
#

---------------  S U M M A R Y ------------

Command Line: -Dfile.encoding=Cp1252 --module-path=C:\Users\sjb19\OneDrive\Desktop\JavaDev\PA1\bin -Djdk.module.main=PA1 PA1/edu.century.pa1.Pa1Driver

Host: Intel(R) Core(TM) i7-6500U CPU @ 2.50GHz, 4 cores, 7G,  Windows 10 , 64 bit Build 18362 (10.0.18362.86)
Time: Thu Sep  5 18:52:11 2019 Central Daylight Time elapsed time: 0 seconds (0d 0h 0m 0s)

---------------  T H R E A D  ---------------

Current thread (0x000001f0f1615000):  JavaThread "Unknown thread" [_thread_in_vm, id=33204, stack(0x0000006a7ad00000,0x0000006a7ae00000)]

Stack: [0x0000006a7ad00000,0x0000006a7ae00000]
Native frames: (J=compiled Java code, j=interpreted, Vv=VM code, C=native code)
V  [jvm.dll+0x63948a]
V  [jvm.dll+0x78b31f]
V  [jvm.dll+0x78c9c1]
V  [jvm.dll+0x78d013]
V  [jvm.dll+0x262138]
V  [jvm.dll+0xc582c]
V  [jvm.dll+0xc5533]
V  [jvm.dll+0x70be6c]
V  [jvm.dll+0x766fb6]
V  [jvm.dll+0x37f089]
V  [jvm.dll+0x749b14]
V  [jvm.dll+0x3ee48d]
V  [jvm.dll+0x3f03c1]
C  [jli.dll+0x51cf]
C  [ucrtbase.dll+0x1d9f2]
C  [KERNEL32.DLL+0x17bd4]
C  [ntdll.dll+0x6ce71]


---------------  P R O C E S S  ---------------

Threads class SMR info:
_java_thread_list=0x00007fff8ec948e8, length=0, elements={
}

Java Threads: ( => current thread )

Other Threads:
  0x000001f0f1654800 GCTaskThread "GC Thread#0" [stack: 0x0000006a7ae00000,0x0000006a7af00000] [id=28616]
  0x000001f0f1665800 ConcurrentGCThread "G1 Main Marker" [stack: 0x0000006a7af00000,0x0000006a7b000000] [id=34628]
  0x000001f0f1668000 ConcurrentGCThread "G1 Conc#0" [stack: 0x0000006a7b000000,0x0000006a7b100000] [id=30380]
  0x000001f0f16ee000 ConcurrentGCThread "G1 Refine#0" [stack: 0x0000006a7b100000,0x0000006a7b200000] [id=28828]
  0x000001f0fe830800 ConcurrentGCThread "G1 Young RemSet Sampling" [stack: 0x0000006a7b200000,0x0000006a7b300000] [id=22668]

=>0x000001f0f1615000 (exited) JavaThread "Unknown thread" [_thread_in_vm, id=33204, stack(0x0000006a7ad00000,0x0000006a7ae00000)]

Threads with active compile tasks:

VM state:not at safepoint (not fully initialized)

VM Mutex/Monitor currently owned by a thread: None

Heap address: 0x0000000082200000, size: 2014 MB, Compressed Oops mode: 32-bit
Narrow klass base: 0x0000000000000000, Narrow klass shift: 3
Compressed class space size: 1073741824 Address: 0x0000000100000000

GC Heap History (0 events):
No events

Deoptimization events (0 events):
No events

Classes redefined (0 events):
No events

Internal exceptions (0 events):
No events

Events (0 events):
No events


Dynamic libraries:
0x00007ff729fd0000 - 0x00007ff729fdf000 	C:\Program Files\Java\jdk-12.0.1\bin\javaw.exe
0x00007fffc8c60000 - 0x00007fffc8e50000 	C:\WINDOWS\SYSTEM32\ntdll.dll
0x00007fffc8b60000 - 0x00007fffc8c12000 	C:\WINDOWS\System32\KERNEL32.DLL
0x00007fffc68c0000 - 0x00007fffc6b63000 	C:\WINDOWS\System32\KERNELBASE.dll
0x00007fffc64c0000 - 0x00007fffc65ba000 	C:\WINDOWS\System32\ucrtbase.dll
0x00007fffb6d40000 - 0x00007fffb6d56000 	C:\Program Files\Java\jdk-12.0.1\bin\VCRUNTIME140.dll
0x00007fffb8bf0000 - 0x00007fffb8c08000 	C:\Program Files\Java\jdk-12.0.1\bin\jli.dll
0x00007fffc6d10000 - 0x00007fffc6db3000 	C:\WINDOWS\System32\ADVAPI32.dll
0x00007fffc7f10000 - 0x00007fffc7fae000 	C:\WINDOWS\System32\msvcrt.dll
0x00007fffc7490000 - 0x00007fffc7527000 	C:\WINDOWS\System32\sechost.dll
0x00007fffc8a20000 - 0x00007fffc8b40000 	C:\WINDOWS\System32\RPCRT4.dll
0x00007fffc7120000 - 0x00007fffc72b3000 	C:\WINDOWS\System32\USER32.dll
0x00007fffc5bf0000 - 0x00007fffc5c11000 	C:\WINDOWS\System32\win32u.dll
0x00007fffc07e0000 - 0x00007fffc0a65000 	C:\WINDOWS\WinSxS\amd64_microsoft.windows.common-controls_6595b64144ccf1df_6.0.18362.295_none_e6c3acbd13101292\COMCTL32.dll
0x00007fffc7c40000 - 0x00007fffc7c66000 	C:\WINDOWS\System32\GDI32.dll
0x00007fffc8120000 - 0x00007fffc8456000 	C:\WINDOWS\System32\combase.dll
0x00007fffc6b70000 - 0x00007fffc6d04000 	C:\WINDOWS\System32\gdi32full.dll
0x00007fffc6760000 - 0x00007fffc67e0000 	C:\WINDOWS\System32\bcryptPrimitives.dll
0x00007fffc63a0000 - 0x00007fffc643e000 	C:\WINDOWS\System32\msvcp_win.dll
0x00007fffbb7f0000 - 0x00007fffbb7fa000 	C:\WINDOWS\SYSTEM32\VERSION.dll
0x00007fffc7c70000 - 0x00007fffc7c9e000 	C:\WINDOWS\System32\IMM32.DLL
0x00007fffaafe0000 - 0x00007fffab08a000 	C:\Program Files\Java\jdk-12.0.1\bin\msvcp140.dll
0x00007fff8e1c0000 - 0x00007fff8ed34000 	C:\Program Files\Java\jdk-12.0.1\bin\server\jvm.dll
0x00007fffc7c30000 - 0x00007fffc7c38000 	C:\WINDOWS\System32\PSAPI.DLL
0x00007fffc4600000 - 0x00007fffc4609000 	C:\WINDOWS\SYSTEM32\WSOCK32.dll
0x00007fffb7600000 - 0x00007fffb7624000 	C:\WINDOWS\SYSTEM32\WINMM.dll
0x00007fffc7420000 - 0x00007fffc748f000 	C:\WINDOWS\System32\WS2_32.dll
0x00007fffb7430000 - 0x00007fffb745d000 	C:\WINDOWS\SYSTEM32\winmmbase.dll
0x00007fffc6710000 - 0x00007fffc675a000 	C:\WINDOWS\System32\cfgmgr32.dll
0x00007fffc5bd0000 - 0x00007fffc5be1000 	C:\WINDOWS\System32\kernel.appcore.dll
0x00007fffb7f90000 - 0x00007fffb7fa1000 	C:\Program Files\Java\jdk-12.0.1\bin\verify.dll
0x00007fffc4400000 - 0x00007fffc45f4000 	C:\WINDOWS\SYSTEM32\DBGHELP.DLL
0x00007fffc0f50000 - 0x00007fffc0f7a000 	C:\WINDOWS\SYSTEM32\dbgcore.DLL
0x00007fff994e0000 - 0x00007fff99506000 	C:\Program Files\Java\jdk-12.0.1\bin\java.dll
0x00007fffa90a0000 - 0x00007fffa90b7000 	C:\Program Files\Java\jdk-12.0.1\bin\zip.dll
0x00007fffc1430000 - 0x00007fffc143a000 	C:\Program Files\Java\jdk-12.0.1\bin\jimage.dll

dbghelp: loaded successfully - version: 4.0.5 - missing functions: none
symbol engine: initialized successfully - sym options: 0x614 - pdb path: .;C:\Program Files\Java\jdk-12.0.1\bin;C:\WINDOWS\SYSTEM32;C:\WINDOWS\WinSxS\amd64_microsoft.windows.common-controls_6595b64144ccf1df_6.0.18362.295_none_e6c3acbd13101292;C:\Program Files\Java\jdk-12.0.1\bin\server

VM Arguments:
jvm_args: -Dfile.encoding=Cp1252 --module-path=C:\Users\sjb19\OneDrive\Desktop\JavaDev\PA1\bin -Djdk.module.main=PA1 
java_command: PA1/edu.century.pa1.Pa1Driver
java_class_path (initial): <not set>
Launcher Type: SUN_STANDARD

[Global flags]
     intx CICompilerCount                          = 3                                         {product} {ergonomic}
     uint ConcGCThreads                            = 1                                         {product} {ergonomic}
     uint G1ConcRefinementThreads                  = 4                                         {product} {ergonomic}
   size_t G1HeapRegionSize                         = 1048576                                   {product} {ergonomic}
    uintx GCDrainStackTargetSize                   = 64                                        {product} {ergonomic}
   size_t InitialHeapSize                          = 132120576                                 {product} {ergonomic}
   size_t MarkStackSize                            = 4194304                                   {product} {ergonomic}
   size_t MaxHeapSize                              = 2111832064                                {product} {ergonomic}
   size_t MaxNewSize                               = 1266679808                                {product} {ergonomic}
   size_t MinHeapDeltaBytes                        = 1048576                                   {product} {ergonomic}
    uintx NonNMethodCodeHeapSize                   = 5830732                                {pd product} {ergonomic}
    uintx NonProfiledCodeHeapSize                  = 122913754                              {pd product} {ergonomic}
    uintx ProfiledCodeHeapSize                     = 122913754                              {pd product} {ergonomic}
    uintx ReservedCodeCacheSize                    = 251658240                              {pd product} {ergonomic}
     bool SegmentedCodeCache                       = true                                      {product} {ergonomic}
     bool UseCompressedClassPointers               = true                                 {lp64_product} {ergonomic}
     bool UseCompressedOops                        = true                                 {lp64_product} {ergonomic}
     bool UseG1GC                                  = true                                      {product} {ergonomic}
     bool UseLargePagesIndividualAllocation        = false                                  {pd product} {ergonomic}

Logging:
Log output configuration:
 #0: stdout all=warning uptime,level,tags
 #1: stderr all=off uptime,level,tags

Environment Variables:
PATH=C:/Program Files/Java/jdk-12.0.1/bin/server;C:/Program Files/Java/jdk-12.0.1/bin;C:\Program Files (x86)\Intel\iCLS Client\;C:\Program Files\Intel\iCLS Client\;C:\WINDOWS\system32;C:\WINDOWS;C:\WINDOWS\System32\Wbem;C:\WINDOWS\System32\WindowsPowerShell\v1.0\;C:\WINDOWS\System32\OpenSSH\;C:\Program Files (x86)\Intel\Intel(R) Management Engine Components\DAL;C:\Program Files\Intel\Intel(R) Management Engine Components\DAL;C:\Program Files (x86)\Intel\Intel(R) Management Engine Components\IPT;C:\Program Files\Intel\Intel(R) Management Engine Components\IPT;C:\Program Files\nodejs\;C:\Program Files\Intel\WiFi\bin\;C:\Program Files\Common Files\Intel\WirelessCommon\;C:\Users\sjb19\AppData\Local\Microsoft\WindowsApps;C:\Users\sjb19\AppData\Roaming\npm;C:\Users\sjb19\AppData\Local\atom\bin;C:\Users\sjb19\AppData\Local\GitHubDesktop\bin;%USERPROFILE%\AppData\Local\Microsoft\WindowsApps;;C:\Users\sjb19\OneDrive\Desktop;
USERNAME=sjb19
OS=Windows_NT
PROCESSOR_IDENTIFIER=Intel64 Family 6 Model 78 Stepping 3, GenuineIntel



---------------  S Y S T E M  ---------------

OS: Windows 10 , 64 bit Build 18362 (10.0.18362.86)

CPU:total 4 (initial active 4) (2 cores per cpu, 2 threads per core) family 6 model 78 stepping 3, cmov, cx8, fxsr, mmx, sse, sse2, sse3, ssse3, sse4.1, sse4.2, popcnt, avx, avx2, aes, clmul, erms, 3dnowpref, lzcnt, ht, tsc, tscinvbit, bmi1, bmi2, adx, fma

Memory: 4k page, system-wide physical 8050M (1450M free)
TotalPageFile size 32626M (AvailPageFile size 5M)
current process WorkingSet (physical memory assigned to process): 11M, peak: 11M
current process commit charge ("private bytes"): 184M, peak: 187M

vm_info: Java HotSpot(TM) 64-Bit Server VM (12.0.1+12) for windows-amd64 JRE (12.0.1+12), built on Apr  2 2019 14:02:19 by "mach5one" with MS VC++ 15.5 (VS2017)

END.
